
>> [Nouvelle Connexion]
   Nom : root
   Prénom : root
   email : root@g.c
   date :2019-09-08 19:31:42
>> file_Ma_console_input_runcode_expr [OK] 

>> list_Ma_console_variables [OK] 

>> ------- Sauvegarde en cours ...[2019-09-08 19:37:06] 

>> file_feedback [OK] 

>> [Nouvelle Connexion]
   Nom : root
   Prénom : root
   email : root@g.c
   date :2019-09-08 19:40:59
>> file_globalInformation [Restaurer] :
>> file_Ma_console_input_runcode_expr [Restaurer] :
>> file_Ma_console_variables [Restaurer] :
>> ------- Sauvegarde en cours ...[2019-09-08 19:46:17] 

>> file_feedback [OK] 

>> [Nouvelle Connexion]
   Nom : root
   Prénom : root
   email : root@g.c
   date :2019-09-08 20:25:18
>> file_globalInformation [Restaurer] :
>> file_Ma_console_input_runcode_expr [Restaurer] :
>> file_Ma_console_variables [Restaurer] :
>> ------- Sauvegarde en cours ...[2019-09-08 20:30:24] 

>> file_feedback [OK] 
>> file_Ma_console_input_runcode_expr [OK] 

>> list_Ma_console_variables [OK] 

>> file_Ma_console_input_runcode_expr [OK] 

>> list_Ma_console_variables [OK] 

>> ------- Sauvegarde en cours ...[2019-09-08 20:35:54] 

>> file_feedback [OK] 
>> file_Ma_console_input_runcode_expr [OK] 

>> list_Ma_console_variables [OK] 

>> ------- Sauvegarde en cours ...[2019-09-08 20:41:24] 

>> file_feedback [OK] 
>> ------- Sauvegarde en cours ...[2019-09-08 20:46:24] 

>> file_feedback [OK] 
>> file_Ma_console_input_runcode_expr [OK] 

>> list_Ma_console_variables [OK] 

>> file_Ma_console_input_runcode_expr [OK] 

>> list_Ma_console_variables [OK] 

>> ------- Sauvegarde en cours ...[2019-09-08 20:51:54] 

>> file_feedback [OK] 
>> file_Ma_console_input_runcode_expr [OK] 

>> list_Ma_console_variables [OK] 

>> ------- Sauvegarde en cours ...[2019-09-08 20:56:54] 

>> file_feedback [OK] 
>> file_Ma_console_input_runcode_expr [OK] 

>> list_Ma_console_variables [OK] 

>> ------- Sauvegarde en cours ...[2019-09-08 21:02:24] 

>> file_feedback [OK] 
>> file_Ma_console_input_runcode_expr [OK] 

>> list_Ma_console_variables [OK] 

>> ------- Sauvegarde en cours ...[2019-09-08 21:07:24] 

>> file_feedback [OK] 

>> [Nouvelle Connexion]
   Nom : root
   Prénom : root
   email : root@g.c
   date :2019-09-08 21:25:26
>> file_globalInformation [Restaurer] :
>> file_Ma_console_input_runcode_expr [Restaurer] :
>> file_Ma_console_variables [Restaurer] :
>> ------- Sauvegarde en cours ...[2019-09-08 21:30:36] 

>> file_feedback [OK] 
>> file_Ma_console_input_runcode_expr [OK] 

>> list_Ma_console_variables [OK] 

>> file_Ma_console_input_runcode_expr [OK] 

>> list_Ma_console_variables [OK] 

>> ------- Sauvegarde en cours ...[2019-09-08 21:36:06] 

>> file_feedback [OK] 

>> [Nouvelle Connexion]
   Nom : root
   Prénom : root
   email : root@g.c
   date :2019-09-08 22:04:00
>> file_globalInformation [Restaurer] :
>> file_Ma_console_input_runcode_expr [Restaurer] :
>> file_Ma_console_variables [Restaurer] :
>> ------- Sauvegarde en cours ...[2019-09-08 22:09:00] 

>> file_feedback [OK] 

>> [Nouvelle Connexion]
   Nom : root
   Prénom : root
   email : root@g.c
   date :2019-09-08 23:16:33
>> file_globalInformation [Restaurer] :
>> file_Ma_console_input_runcode_expr [Restaurer] :
>> file_Ma_console_variables [Restaurer] :
>> ------- Sauvegarde en cours ...[2019-09-08 23:21:53] 

>> file_feedback [OK] 

>> [Nouvelle Connexion]
   Nom : root
   Prénom : root
   email : root@g.c
   date :2019-09-18 12:41:07
>> file_globalInformation [Restaurer] :
>> file_Ma_console_input_runcode_expr [Restaurer] :
>> file_Ma_console_variables [Restaurer] :
>> ------- Sauvegarde en cours ...[2019-09-18 12:46:25] 

>> file_feedback [OK] 
>> file_Ma_console_input_runcode_expr [OK] 

>> list_Ma_console_variables [OK] 

>> ------- Sauvegarde en cours ...[2019-09-18 12:51:55] 

>> file_feedback [OK] 
>> file_Ma_console_input_runcode_expr [OK] 

>> list_Ma_console_variables [OK] 

>> ------- Sauvegarde en cours ...[2019-09-18 12:56:55] 

>> file_feedback [OK] 
>> file_Ma_console_input_runcode_expr [OK] 

>> list_Ma_console_variables [OK] 

>> file_Ma_console_input_runcode_expr [OK] 

>> list_Ma_console_variables [OK] 

>> ------- Sauvegarde en cours ...[2019-09-18 13:02:25] 

>> file_feedback [OK] 

>> [Nouvelle Connexion]
   Nom : root
   Prénom : root
   email : root@g.c
   date :2019-09-18 17:41:46
>> file_globalInformation [Restaurer] :
>> file_Ma_console_input_runcode_expr [Restaurer] :
>> file_Ma_console_variables [Restaurer] :
>> ------- Sauvegarde en cours ...[2019-09-18 17:46:46] 

>> file_feedback [OK] 
>> file_Ma_console_input_runcode_expr [OK] 

>> list_Ma_console_variables [OK] 

>> file_Ma_console_input_runcode_expr [OK] 

>> list_Ma_console_variables [OK] 

>> ------- Sauvegarde en cours ...[2019-09-18 17:52:16] 

>> file_feedback [OK] 
>> file_Ma_console_input_runcode_expr [OK] 

>> list_Ma_console_variables [OK] 

>> ------- Sauvegarde en cours ...[2019-09-18 17:57:46] 

>> file_feedback [OK] 
