
------- Sauvegarde en cours ...[2019-07-23 17:05:15] 

-------> file_feedback [OK] 

>> [Nouvelle Connexion]
   Nom : root
   Prénom : root
   email : root@g.c
   date :2019-07-23 17:21:59
>> file_globalInformation [Restaurer] :
>> file_Ma_console_input_runcode_expr [Restaurer] :
>> file_Ma_console_variables [Restaurer] :
------- Sauvegarde en cours ...[2019-07-23 17:23:23] 

-------> file_feedback [OK] 

>> [Nouvelle Connexion]
   Nom : root
   Prénom : root
   email : root@g.c
   date :2019-07-23 17:25:22
>> file_globalInformation [Restaurer] :
>> file_Ma_console_input_runcode_expr [Restaurer] :
>> file_Ma_console_variables [Restaurer] :
------- Sauvegarde en cours ...[2019-07-23 17:25:22] 

-------> file_feedback [OK] 

>> [Nouvelle Connexion]
   Nom : root
   Prénom : root
   email : root@g.c
   date :2019-07-26 12:21:13
>> file_globalInformation [Restaurer] :
>> file_Ma_console_input_runcode_expr [Restaurer] :
>> file_Ma_console_variables [Restaurer] :
------- Sauvegarde en cours ...[2019-07-26 12:26:34] 

-------> file_feedback [OK] 
-------> file_Ma_console_input_runcode_expr [OK] 

-------> list_Ma_console_variables [OK] 

-------> file_Ma_console_input_runcode_expr [OK] 

-------> list_Ma_console_variables [OK] 

-------> file_Ma_console_input_runcode_expr [OK] 

-------> list_Ma_console_variables [OK] 

------- Sauvegarde en cours ...[2019-07-26 12:31:34] 

-------> file_feedback [OK] 

>> [Nouvelle Connexion]
   Nom : root
   Prénom : root
   email : root@g.c
   date :2019-07-27 12:01:08
>> file_globalInformation [Restaurer] :
>> file_Ma_console_input_runcode_expr [Restaurer] :
>> file_Ma_console_variables [Restaurer] :
>> list_Catalogue_variables [OK] 

>> ------- Sauvegarde en cours ...[2019-07-27 12:06:27] 

>> file_feedback [OK] 

>> [Nouvelle Connexion]
   Nom : root
   Prénom : root
   email : root@g.c
   date :2019-07-29 10:51:42
>> file_globalInformation [Restaurer] :
>> file_Ma_console_input_runcode_expr [Restaurer] :
>> file_Ma_console_variables [Restaurer] :
>> list_Catalogue_variables [OK] 

>> ------- Sauvegarde en cours ...[2019-07-29 10:57:07] 

>> file_feedback [OK] 
>> file_Ma_console_input_runcode_expr [OK] 

>> list_Ma_console_variables [OK] 

>> list_Catalogue_variables [OK] 

>> ------- Sauvegarde en cours ...[2019-07-29 11:02:37] 

>> file_feedback [OK] 
>> file_Ma_console_input_runcode_expr [OK] 

>> list_Ma_console_variables [OK] 

>> ------- Sauvegarde en cours ...[2019-07-29 11:07:37] 

>> file_feedback [OK] 
>> list_Catalogue_variables [OK] 

>> file_Ma_console_input_runcode_expr [OK] 

>> list_Ma_console_variables [OK] 

>> ------- Sauvegarde en cours ...[2019-07-29 11:12:37] 

>> file_feedback [OK] 
>> list_Catalogue_variables [OK] 

>> file_Ma_console_input_runcode_expr [OK] 

>> list_Ma_console_variables [OK] 

>> ------- Sauvegarde en cours ...[2019-07-29 11:17:37] 

>> file_feedback [OK] 
>> list_Catalogue_variables [OK] 

>> file_Ma_console_input_runcode_expr [OK] 

>> list_Ma_console_variables [OK] 

>> ------- Sauvegarde en cours ...[2019-07-29 11:22:37] 

>> file_feedback [OK] 

>> [Nouvelle Connexion]
   Nom : root
   Prénom : root
   email : root@g.c
   date :2019-07-29 13:16:11
>> file_globalInformation [Restaurer] :
>> file_Ma_console_input_runcode_expr [Restaurer] :
>> file_Ma_console_variables [Restaurer] :
>> list_Catalogue_variables [OK] 

>> list_Catalogue_variables_2_new.rds [OK] 

>> list_Catalogue_variables [OK] 

>> list_Catalogue_variables_6_new.rds [OK] 

>> list_Catalogue_variables [OK] 

>> list_Catalogue_variables_6_new.rds [OK] 

>> ------- Sauvegarde en cours ...[2019-07-29 13:21:35] 

>> file_feedback [OK] 

>> [Nouvelle Connexion]
   Nom : root
   Prénom : root
   email : root@g.c
   date :2019-07-29 14:53:28
>> file_globalInformation [Restaurer] :
>> file_Ma_console_input_runcode_expr [Restaurer] :
>> file_Ma_console_variables [Restaurer] :
>> ------- Sauvegarde en cours ...[2019-07-29 14:58:51] 

>> file_feedback [OK] 
>> file_Ma_console_input_runcode_expr [OK] 

>> list_Ma_console_variables [OK] 

>> ------- Sauvegarde en cours ...[2019-07-29 15:03:51] 

>> file_feedback [OK] 
>> file_Ma_console_input_runcode_expr [OK] 

>> list_Ma_console_variables [OK] 

>> ------- Sauvegarde en cours ...[2019-07-29 15:08:51] 

>> file_feedback [OK] 
>> file_Ma_console_input_runcode_expr [OK] 

>> list_Ma_console_variables [OK] 

>> ------- Sauvegarde en cours ...[2019-07-29 15:13:51] 

>> file_feedback [OK] 

>> [Nouvelle Connexion]
   Nom : root
   Prénom : root
   email : root@g.c
   date :2019-07-29 15:26:34
>> file_globalInformation [Restaurer] :
>> file_Ma_console_input_runcode_expr [Restaurer] :
>> file_Ma_console_variables [Restaurer] :
folderName	ui	server	menu	fileToSource	priority	linkModule
>> ------- Sauvegarde en cours ...[2019-07-29 15:31:59] 

>> file_feedback [OK] 
>> file_Ma_console_input_runcode_expr [OK] 

>> list_Ma_console_variables [OK] 

>> ------- Sauvegarde en cours ...[2019-07-29 15:37:29] 

>> file_feedback [OK] 
