
>> Bienvenue sur INTEGROMICS SHINY APP :)

>> [Nouvelle Connexion]
   Nom : leo
   Prénom : messi
   email : leo@gmail.com
   date :2019-07-23 11:03:54
>> fichier non trouvé :/home/ltekam/GIT_LAB_test/iogoldg/RShiny/user_data/leo@gmail.com/current_session/globalInformation.rds
>> fichier non trouvé :/home/ltekam/GIT_LAB_test/iogoldg/RShiny/user_data/leo@gmail.com/current_session/Ma_console/input_runcode_expr.R
>> fichier non trouvé :/home/ltekam/GIT_LAB_test/iogoldg/RShiny/user_data/leo@gmail.com/current_session/Ma_console/list_Ma_console_variables.rds
------- Sauvegarde en cours ...[2019-07-23 11:09:08] 

-------> file_feedback [OK] 

>> [Nouvelle Connexion]
   Nom : leo
   Prénom : messi
   email : leo@gmail.com
   date :2019-07-23 12:50:31
>> file_globalInformation [Restaurer] :
>> file_Ma_console_input_runcode_expr [Restaurer] :
>> file_Ma_console_variables [Restaurer] :
------- Sauvegarde en cours ...[2019-07-23 12:55:42] 

-------> file_feedback [OK] 
